
> frontend@0.0.0 dev
> vite --host


  VITE v4.5.0  ready in 255 ms

  ➜  Local:   http://localhost:5173/
  ➜  Network: http://172.31.23.166:5173/
Browserslist: caniuse-lite is outdated. Please run:
  npx update-browserslist-db@latest
  Why you should do it regularly: https://github.com/browserslist/update-db#readme

> frontend@0.0.0 dev
> vite --host


  VITE v4.5.0  ready in 252 ms

  ➜  Local:   http://localhost:5173/
  ➜  Network: http://172.31.23.166:5173/
Browserslist: caniuse-lite is outdated. Please run:
  npx update-browserslist-db@latest
  Why you should do it regularly: https://github.com/browserslist/update-db#readme

> frontend@0.0.0 dev
> vite --host


  VITE v4.5.0  ready in 262 ms

  ➜  Local:   http://localhost:5173/
  ➜  Network: http://172.31.23.166:5173/

> frontend@0.0.0 dev
> vite --host


  VITE v4.5.0  ready in 241 ms

  ➜  Local:   http://localhost:5173/
  ➜  Network: http://172.31.23.166:5173/
Browserslist: caniuse-lite is outdated. Please run:
  npx update-browserslist-db@latest
  Why you should do it regularly: https://github.com/browserslist/update-db#readme

> frontend@0.0.0 dev
> vite --host

Port 5173 is in use, trying another one...

  VITE v4.5.0  ready in 268 ms

  ➜  Local:   http://localhost:5174/
  ➜  Network: http://172.31.23.166:5174/
